<?xml version="1.0" encoding="UTF-8"?>
<testsuite name="tests.web.LoginTest" tests="1" skipped="0" failures="1" errors="0" timestamp="2024-04-14T14:27:09" hostname="ROMAN" time="8.493">
  <properties/>
  <testcase name="testLogin()" classname="tests.web.LoginTest" time="8.493">
    <failure message="Element should be clickable: interactable and enabled {[href='/login']}&#13;&#10;Element: '&lt;a class=&quot;d-inline-block d-lg-none flex-order-1 f5 no-underline border color-border-default rounded-2 px-2 py-1 color-fg-inherit&quot; data-ga-click=&quot;(Logged out) Header, clicked Sign in, text:sign-in&quot; data-hydro-click=&quot;{&quot;event_type&quot;:&quot;authentication.click&quot;,&quot;payload&quot;:{&quot;location_in_page&quot;:&quot;site header menu&quot;,&quot;repository_id&quot;:null,&quot;auth_type&quot;:&quot;SIGN_UP&quot;,&quot;originating_url&quot;:&quot;https://github.com/&quot;,&quot;user_id&quot;:null}}&quot; data-hydro-click-hmac=&quot;1ac0bd316eb4ecff0fd1f338bc397cea8b5025ce78fffb7ade6ffdd600360286&quot; href=&quot;/login&quot; displayed:false&gt;&lt;/a&gt;'&#13;&#10;Actual value: hidden, opacity=1&#13;&#10;Screenshot: file:/D:/JavaIDEAProjects/github.com.git/build/reports/tests/1713104837151.0.png&#13;&#10;Page source: file:/D:/JavaIDEAProjects/github.com.git/build/reports/tests/1713104837151.0.html&#13;&#10;Timeout: 4 s." type="com.codeborne.selenide.ex.ElementShould">Element should be clickable: interactable and enabled {[href='/login']}
Element: '&lt;a class=&quot;d-inline-block d-lg-none flex-order-1 f5 no-underline border color-border-default rounded-2 px-2 py-1 color-fg-inherit&quot; data-ga-click=&quot;(Logged out) Header, clicked Sign in, text:sign-in&quot; data-hydro-click=&quot;{&quot;event_type&quot;:&quot;authentication.click&quot;,&quot;payload&quot;:{&quot;location_in_page&quot;:&quot;site header menu&quot;,&quot;repository_id&quot;:null,&quot;auth_type&quot;:&quot;SIGN_UP&quot;,&quot;originating_url&quot;:&quot;https://github.com/&quot;,&quot;user_id&quot;:null}}&quot; data-hydro-click-hmac=&quot;1ac0bd316eb4ecff0fd1f338bc397cea8b5025ce78fffb7ade6ffdd600360286&quot; href=&quot;/login&quot; displayed:false&gt;&lt;/a&gt;'
Actual value: hidden, opacity=1
Screenshot: file:/D:/JavaIDEAProjects/github.com.git/build/reports/tests/1713104837151.0.png
Page source: file:/D:/JavaIDEAProjects/github.com.git/build/reports/tests/1713104837151.0.html
Timeout: 4 s.
	at app//com.codeborne.selenide.impl.WebElementSource.handleError(WebElementSource.java:149)
	at app//com.codeborne.selenide.impl.WebElementSource.checkConditionAndReturnElement(WebElementSource.java:127)
	at app//com.codeborne.selenide.impl.WebElementSource.findAndAssertElementIsClickable(WebElementSource.java:173)
	at app//com.codeborne.selenide.commands.Click.findElement(Click.java:46)
	at app//com.codeborne.selenide.commands.Click.execute(Click.java:28)
	at app//com.codeborne.selenide.commands.Click.execute(Click.java:21)
	at app//com.codeborne.selenide.commands.Commands.execute(Commands.java:165)
	at app//com.codeborne.selenide.impl.SelenideElementProxy.dispatchAndRetry(SelenideElementProxy.java:132)
	at app//com.codeborne.selenide.impl.SelenideElementProxy.invoke(SelenideElementProxy.java:84)
	at app/jdk.proxy3/jdk.proxy3.$Proxy23.click(Unknown Source)
	at app//tests.web.LoginTest.testLogin(LoginTest.java:16)
	at java.base@21.0.2/java.lang.reflect.Method.invoke(Method.java:580)
	at java.base@21.0.2/java.util.ArrayList.forEach(ArrayList.java:1596)
	at java.base@21.0.2/java.util.ArrayList.forEach(ArrayList.java:1596)
</failure>
  </testcase>
  <system-out><![CDATA[]]></system-out>
  <system-err><![CDATA[апр. 14, 2024 5:27:11 PM org.openqa.selenium.devtools.CdpVersionFinder findNearestMatch
WARNING: Unable to find CDP implementation matching 123
апр. 14, 2024 5:27:11 PM org.openqa.selenium.chromium.ChromiumDriver lambda$new$5
WARNING: Unable to find version of CDP to use for 123.0.6312.106. You may need to include a dependency on a specific version of the CDP using something similar to `org.seleniumhq.selenium:selenium-devtools-v86:4.13.0` where the version ("v86") matches the version of the chromium-based browser you're using and the version number of the artifact is the same as Selenium's.
]]></system-err>
</testsuite>
